  S3D - Submarin.cpp
C:\Users\milcu\Desktop\Proiect-S3D\S3D - Submarin\S3D - Submarin\S3D - Submarin.cpp(37,13): warning C4305: 'initializing': truncation from 'double' to 'float'
C:\Users\milcu\Desktop\Proiect-S3D\S3D - Submarin\S3D - Submarin\S3D - Submarin.cpp(39,13): warning C4305: 'initializing': truncation from 'double' to 'float'
C:\Users\milcu\Desktop\Proiect-S3D\S3D - Submarin\S3D - Submarin\S3D - Submarin.cpp(60,15): warning C4305: '+=': truncation from 'double' to 'float'
C:\Users\milcu\Desktop\Proiect-S3D\S3D - Submarin\S3D - Submarin\S3D - Submarin.cpp(64,15): warning C4305: '-=': truncation from 'double' to 'float'
C:\Users\milcu\Desktop\Proiect-S3D\S3D - Submarin\S3D - Submarin\S3D - Submarin.cpp(68,15): warning C4305: '+=': truncation from 'double' to 'float'
C:\Users\milcu\Desktop\Proiect-S3D\S3D - Submarin\S3D - Submarin\S3D - Submarin.cpp(72,15): warning C4305: '-=': truncation from 'double' to 'float'
C:\Users\milcu\Desktop\Proiect-S3D\S3D - Submarin\S3D - Submarin\S3D - Submarin.cpp(76,15): warning C4305: '+=': truncation from 'double' to 'float'
C:\Users\milcu\Desktop\Proiect-S3D\S3D - Submarin\S3D - Submarin\S3D - Submarin.cpp(80,15): warning C4305: '-=': truncation from 'double' to 'float'
C:\Users\milcu\Desktop\Proiect-S3D\S3D - Submarin\S3D - Submarin\S3D - Submarin.cpp(214,24): warning C4244: '=': conversion from 'double' to 'T', possible loss of data
C:\Users\milcu\Desktop\Proiect-S3D\S3D - Submarin\S3D - Submarin\S3D - Submarin.cpp(214,24): warning C4244:         with
C:\Users\milcu\Desktop\Proiect-S3D\S3D - Submarin\S3D - Submarin\S3D - Submarin.cpp(214,24): warning C4244:         [
C:\Users\milcu\Desktop\Proiect-S3D\S3D - Submarin\S3D - Submarin\S3D - Submarin.cpp(214,24): warning C4244:             T=float
C:\Users\milcu\Desktop\Proiect-S3D\S3D - Submarin\S3D - Submarin\S3D - Submarin.cpp(214,24): warning C4244:         ]
C:\Users\milcu\Desktop\Proiect-S3D\S3D - Submarin\S3D - Submarin\S3D - Submarin.cpp(215,24): warning C4244: '=': conversion from 'double' to 'T', possible loss of data
C:\Users\milcu\Desktop\Proiect-S3D\S3D - Submarin\S3D - Submarin\S3D - Submarin.cpp(215,24): warning C4244:         with
C:\Users\milcu\Desktop\Proiect-S3D\S3D - Submarin\S3D - Submarin\S3D - Submarin.cpp(215,24): warning C4244:         [
C:\Users\milcu\Desktop\Proiect-S3D\S3D - Submarin\S3D - Submarin\S3D - Submarin.cpp(215,24): warning C4244:             T=float
C:\Users\milcu\Desktop\Proiect-S3D\S3D - Submarin\S3D - Submarin\S3D - Submarin.cpp(215,24): warning C4244:         ]
C:\Users\milcu\Desktop\Proiect-S3D\S3D - Submarin\S3D - Submarin\S3D - Submarin.cpp(223,40): warning C4244: 'argument': conversion from 'double' to 'float', possible loss of data
C:\Users\milcu\Desktop\Proiect-S3D\S3D - Submarin\S3D - Submarin\S3D - Submarin.cpp(224,40): warning C4244: 'argument': conversion from 'double' to 'float', possible loss of data
  S3D - Submarin.vcxproj -> C:\Users\milcu\Desktop\Proiect-S3D\S3D - Submarin\x64\Debug\S3D - Submarin.exe
